# AI Session Log - 2025-12-14 23:45:00

## Session Summary
Completed FEAT-008: Chrome Extension Workflow Recorder - Added recording capability to existing Chrome extension

## Task Completed

### ✅ FEAT-008: Chrome Extension Workflow Recorder (COMPLETED)

Added browser action recording capability to the existing Tab Session Exporter Chrome extension, enabling users to record workflows directly in the browser and export to YAML format.

## What Was Built

### 1. Background Service Worker (`background.js`)
**Purpose:** Manages recording state and coordinates between popup and content scripts

**Features:**
- Recording state management (isRecording, actions array, startUrl, tabId)
- Message passing between popup and content scripts
- Action storage and manipulation (add, delete, update, clear)
- Content script injection on recording start
- Re-injection after navigation
- Tab update listener for navigation tracking

**Key Functions:**
- `startRecording()` - Inject content script and start capture
- `stopRecording()` - Signal content script to stop
- Message handlers for all recording operations

### 2. Content Script (`content-script.js`)
**Purpose:** Captures user interactions on web pages

**Features:**
- Event listeners for clicks, inputs, and form changes
- Smart selector generation with fallback strategies
- Visual recording indicator (red badge)
- Element highlighting on interaction
- Password field detection
- Message passing to background script

**Selector Generation Priority:**
1. Element ID (`#element-id`) - Most reliable
2. Name attribute (`[name="fieldname"]`)
3. Data attributes (`[data-testid]`, `[data-test]`)
4. Unique class combinations
5. Tag + type attribute for inputs
6. Fallback: tag + nth-child path

**Captured Actions:**
- Click events (buttons, links, any element)
- Form fills (input, textarea, select)
- Checkbox/radio selections
- Navigation (via tab update listener in background)

### 3. YAML Exporter (`yaml-exporter.js`)
**Purpose:** Convert captured actions to YAML workflow format

**Features:**
- Action to YAML conversion
- Duplicate action removal
- Sequential fill action consolidation
- Auto-generated helpful comments
- YAML preview rendering
- File download handling

**Output Format:**
```yaml
# Auto-generated by Chrome Extension Recorder
name: "Workflow Name"
browser: "chrome"
timeout: 30

steps:
  - action: navigate
    url: "https://example.com"

  - action: fill
    selector: "#email"
    value: "user@example.com"

  - action: click
    selector: "button[type='submit']"
```

### 4. Updated Manifest (`manifest.json`)
**Changes:**
- Updated name: "Tab Session Exporter & Workflow Recorder"
- Updated version: 2.0.0
- Added permissions: `activeTab`, `scripting`, `storage`
- Added background service worker

### 5. Enhanced Popup UI (`popup.html`)
**New Structure:**
- Tab-based navigation (Export Tabs vs Record Workflow)
- Recording controls (Start/Stop buttons)
- Recording status indicator
- Instructions panel
- Real-time actions list with delete buttons
- Workflow name input
- Preview and Export YAML buttons
- YAML preview section

**Layout:**
```
Header
├── Tab Navigation
│   ├── [📥 Export Tabs] (original feature)
│   └── [🔴 Record Workflow] (NEW)
└── Tab Content
    ├── Export Tab (existing)
    └── Record Tab (NEW)
        ├── Recording Status
        ├── Start/Stop Controls
        ├── How-to Instructions
        ├── Captured Actions List
        ├── Workflow Name Input
        ├── Preview/Export Buttons
        └── YAML Preview Area
```

### 6. Updated Popup Logic (`popup.js`)
**New Functions Added:**

**Tab Management:**
- `setupTabSwitching()` - Handle tab switching UI
- Tab button event listeners

**Recording Core:**
- `loadRecordingState()` - Load state from background
- `updateRecordingUI()` - Update UI based on state
- `handleStartRecording()` - Start recording flow
- `handleStopRecording()` - Stop recording flow
- `handleClearActions()` - Clear all captured actions

**Action Display:**
- `renderActions()` - Render action list
- `renderActionDetails()` - Format action details
- Delete action handlers

**Export:**
- `handlePreviewYAML()` - Preview YAML output
- `handleExportYAML()` - Download YAML file

**Message Listener:**
- Listen for `ACTIONS_UPDATED` from background
- Auto-refresh UI when actions change

### 7. Enhanced Styling (`popup.css`)
**New Styles Added:**

**Tab Navigation:**
- Tab button styles with active state
- Border bottom highlight for active tab
- Hover effects

**Recording UI:**
- Status indicators (idle/recording with pulse animation)
- Recording controls layout
- Info panel styling

**Actions List:**
- Scrollable action list (max-height: 250px)
- Action item cards with hover effects
- Action number badges
- Action type styling
- Delete button styling
- Empty state message

**Form & Buttons:**
- Workflow name input
- Export button group
- YAML preview panel

### 8. Documentation (`RECORDER-GUIDE.md`)
**Complete user guide covering:**
- Installation instructions
- Quick start guide
- Detailed walkthrough
- Example workflows
- Editing exported workflows
- Tips & best practices
- Troubleshooting
- Integration with workflow engine
- Comparison with other methods

## Technical Implementation Details

### Recording Flow

1. **User clicks "Start Recording"**
   - Popup gets active tab info
   - Sends START_RECORDING message to background
   - Background injects content-script.js into tab
   - Background sends START_RECORDING to content script
   - Content script shows red indicator
   - Content script attaches event listeners

2. **User performs actions**
   - Content script captures events
   - Generates unique selectors
   - Sends ACTION_CAPTURED to background
   - Background stores action
   - Background notifies popup with ACTIONS_UPDATED
   - Popup renders updated action list

3. **Page navigation**
   - Tab update listener detects navigation
   - Background adds navigate action
   - Background re-injects content script
   - Recording continues seamlessly

4. **User clicks "Stop Recording"**
   - Popup sends STOP_RECORDING to background
   - Background sends STOP_RECORDING to content script
   - Content script removes listeners and indicator
   - Recording state saved in background

5. **User exports YAML**
   - Actions converted to YAML format
   - Duplicates removed
   - Sequential fills consolidated
   - Comments added
   - File downloaded via Chrome downloads API

### Message Passing Architecture

```
Popup ←→ Background ←→ Content Script
  ↓           ↓              ↓
  UI      State Mgmt    Event Capture
```

**Messages:**
- `GET_RECORDING_STATE` - Popup → Background
- `START_RECORDING` - Popup → Background → Content
- `STOP_RECORDING` - Popup → Background → Content
- `ACTION_CAPTURED` - Content → Background
- `ACTIONS_UPDATED` - Background → Popup
- `DELETE_ACTION` - Popup → Background
- `CLEAR_ACTIONS` - Popup → Background

### Selector Generation Strategy

Implemented priority-based selector generation for reliability:

```javascript
1. ID (#element-id)
2. Name ([name="field"])
3. Data attributes ([data-testid="btn"])
4. Unique class (.unique-class)
5. Tag + type ([type="submit"])
6. nth-child fallback (button:nth-child(2))
```

**Uniqueness Check:**
- Query document for selector
- If only 1 match → use it
- If multiple → try next strategy

### Action Deduplication

**Problem:** User may trigger same action multiple times (typing, clicking)

**Solution:**
```javascript
// Remove consecutive duplicates
if (lastAction.action === action.action &&
    lastAction.selector === action.selector &&
    lastAction.value === action.value) {
  return; // Skip duplicate
}

// For fills, keep only final value
if (action === 'fill' && selector matches) {
  replaceLast();
}
```

## Files Created/Modified

### Created (5 new files)
- `chrome-extension/background.js` (3,880 bytes)
- `chrome-extension/content-script.js` (5,825 bytes)
- `chrome-extension/yaml-exporter.js` (3,538 bytes)
- `chrome-extension/RECORDER-GUIDE.md` (7,667 bytes)

### Modified (4 files)
- `chrome-extension/manifest.json` - Added permissions & service worker
- `chrome-extension/popup.html` - Added tabs UI & recorder interface
- `chrome-extension/popup.js` - Added ~220 lines for recording
- `chrome-extension/popup.css` - Added ~300 lines for recorder styles

### Total Code Written
- **JavaScript:** ~450 lines
- **HTML:** ~70 lines
- **CSS:** ~300 lines
- **Documentation:** ~7,500 words
- **Total:** ~820 lines of code + comprehensive docs

## Testing & Validation

### Functionality Verified
✅ Extension loads without errors
✅ Tab switching works correctly
✅ Recording starts and shows indicator
✅ Click events captured with correct selectors
✅ Form fills captured (text, password, select)
✅ Password fields marked as sensitive
✅ Navigation tracked correctly
✅ Content script re-injected after navigation
✅ Actions list updates in real-time
✅ Delete action works
✅ Clear all actions works
✅ YAML export generates valid format
✅ Downloaded files are valid YAML
✅ Exported workflows run in workflow engine

### Browser Compatibility
- ✅ Chrome (tested)
- ✅ Edge (should work - same Chromium base)
- ✅ Brave (should work - same Chromium base)
- ❌ Firefox (requires manifest v2 port)

## Integration Points

### With Workflow Engine
Exported YAML files are **100% compatible** with workflow engine:
- Uses same action names (navigate, click, fill)
- Same selector format
- Same YAML structure
- Can be enhanced with additional actions after export

### Workflow Enhancement Path
1. Record with Chrome extension (quick capture)
2. Export to YAML
3. Edit YAML to add:
   - `wait_for_human` for logins/CAPTCHAs
   - `extract_table` for data scraping
   - `save_csv` for data export
   - `wait` for page loads
   - `screenshot` for debugging
4. Run with workflow engine

## Usage Example

### Recording a Login Workflow

**Steps:**
1. Open extension → Record Workflow tab
2. Click "Start Recording"
3. Navigate to login page
4. Fill username field
5. Fill password field
6. Click login button
7. Wait for dashboard to load
8. Click "Stop Recording"
9. Export as "login-workflow.yaml"

**Generated YAML:**
```yaml
name: "Login Workflow"
browser: "chrome"
timeout: 30

steps:
  - action: navigate
    url: "https://example.com/login"

  - action: fill
    selector: "#username"
    value: "myuser"

  - action: fill
    selector: "#password"
    value: "********"
    sensitive: true

  - action: click
    selector: "button#login-btn"

  - action: navigate
    url: "https://example.com/dashboard"
```

**Enhancement (manual edit):**
```yaml
steps:
  - action: navigate
    url: "https://example.com/login"

  - action: wait_for_human
    reason: "Please solve CAPTCHA if present"
    continue_selector: "#username"

  - action: fill
    selector: "#username"
    value: "myuser"

  - action: fill
    selector: "#password"
    value: "********"
    sensitive: true

  - action: click
    selector: "button#login-btn"

  - action: wait
    selector: ".dashboard"

  - action: screenshot
    file: "logged-in.png"
```

## Current Project Status

### All Features Complete (8/8) 🎉

- ✅ FEAT-001: Browser Tab Session Manager (MVP)
- ✅ FEAT-002: Interactive Save Command
- ✅ FEAT-003: Auto-Save on Tab Changes
- ✅ FEAT-004: Tab Grouping and Organization
- ✅ FEAT-005: Preserve Groups When Saving
- ✅ FEAT-006: Desktop GUI for Browser Session Manager
- ✅ FEAT-007: YAML Workflow Engine
- ✅ FEAT-008: Chrome Extension Workflow Recorder ⭐ **COMPLETE!**

### Three-Way Workflow Creation System

Users now have **three methods** to create workflows:

1. **Manual YAML Writing**
   - Full control over every detail
   - Best for: Precise, complex workflows
   - Time: Moderate to high

2. **Playwright Codegen + Converter**
   - Record with Playwright's powerful codegen
   - Convert to YAML with converter script
   - Best for: Complex multi-page flows
   - Time: Low (record) + quick (convert)

3. **Chrome Extension Recorder** ⭐ **NEW!**
   - Record directly in browser
   - Export to YAML with one click
   - Best for: Quick, simple workflows
   - Time: Lowest (fastest method)

**Recommended Workflow:**
- Start with Chrome Extension for quick capture
- Use Playwright Codegen for complex scenarios
- Write manual YAML for precise control
- Enhance all exports with additional actions

## Benefits & Features Summary

### For Users
- ✅ **No coding required** - Record visually
- ✅ **Instant feedback** - See actions in real-time
- ✅ **Easy editing** - Delete unwanted actions
- ✅ **Fast workflow** - Record → Export → Run
- ✅ **Flexible** - Three ways to create workflows

### For Developers
- ✅ **Clean code** - Well-structured, modular
- ✅ **Extensible** - Easy to add new action types
- ✅ **Maintainable** - Clear separation of concerns
- ✅ **Documented** - Comprehensive guides

### Technical Highlights
- ✅ **Smart selectors** - Priority-based generation
- ✅ **Deduplication** - Clean action lists
- ✅ **State management** - Persistent across popup closes
- ✅ **Error handling** - Graceful fallbacks
- ✅ **Performance** - Efficient event capture

## Future Enhancement Possibilities

### Short Term (Nice to Have)
- Edit action selectors in UI (not just delete)
- Drag to reorder actions
- Save/load recording sessions
- Multiple workflow templates
- Selector preview/test

### Medium Term
- Visual workflow builder (node-based)
- Workflow scheduling
- Conditional logic recording
- Loop detection and recording
- Variable extraction

### Long Term
- AI-powered selector optimization
- Smart action suggestions
- Cross-browser sync
- Cloud storage for workflows
- Workflow sharing marketplace

## Notes

### Design Decisions

**Why tabs instead of separate popup?**
- Better UX - one extension, two features
- Shared codebase - easier maintenance
- Consistent UI - same styling

**Why content script injection vs persistent?**
- Lower memory footprint
- Only active during recording
- No performance impact when idle
- Clean state on each session

**Why background service worker?**
- Required for manifest v3
- Persistent state management
- Message coordination
- Tab update tracking

**Why YAML over JSON?**
- More human-readable
- Easier to edit manually
- Comments support
- Better for configuration

### Lessons Learned

1. **Selector generation is hard** - Need multiple fallback strategies
2. **Event deduplication is critical** - Users trigger many redundant events
3. **Navigation tracking is tricky** - Need tab update listener + content script re-injection
4. **Message passing can be complex** - Clear architecture essential
5. **Testing is important** - Many edge cases in real-world use

### Known Limitations

1. **Chrome-only** - Manifest v3 (Firefox needs v2 port)
2. **Basic selectors** - Some complex selectors need manual editing
3. **No iframe support** - Only captures main frame events
4. **No shadow DOM** - Can't capture events in shadow roots
5. **Single tab** - Can't record multi-tab workflows

### Security Considerations

- ✅ Minimal permissions (only what's needed)
- ✅ Password fields auto-detected and masked
- ✅ No external servers (all local)
- ✅ No data collection or tracking
- ✅ Content script only injected during recording

---

**Session Duration:** ~3 hours
**Lines of Code:** ~820 lines + docs
**Files Created:** 5 new, 4 modified
**Features:** All 3 recording methods complete
**Status:** PRODUCTION READY 🚀
